<?xml version="1.0" encoding="UTF-8"?>
<!-- Generated by org.testng.reporters.JUnitXMLReporter -->
<testsuite ignored="0" hostname="LTIN194303" failures="0" tests="10" name="Test" time="195.371" errors="0" timestamp="2024-03-10T11:43:16 IST">
  <testcase classname="testCases.TestCase" name="validatTravelInsunce" time="0.811"/>
  <testcase classname="testCases.TestCase" name="travelDetails" time="6.084"/>
  <testcase classname="testCases.TestCase" name="studentDataVerify" time="5.858"/>
  <testcase classname="testCases.TestCase" name="dataSort" time="18.199"/>
  <testcase classname="testCases.TestCase" name="StudentPlanDetails" time="3.499"/>
  <testcase classname="testCases.TestCase" name="CarInsurenceDetails" time="33.291"/>
  <testcase classname="testCases.TestCase" name="errorMessageValidate" time="51.298"/>
  <testcase classname="testCases.TestCase" name="correctDatailValidation" time="35.465"/>
  <testcase classname="testCases.TestCase" name="HealthInsurancePlan" time="8.529"/>
  <testcase classname="testCases.TestCase" name="allHealthInsurance" time="19.637"/>
</testsuite> <!-- Test -->
