<?xml version="1.0" encoding="UTF-8"?>
<testsuite xmlns:xsi="http://www.w3.org/2001/XMLSchema-instance" xsi:noNamespaceSchemaLocation="https://maven.apache.org/surefire/maven-surefire-plugin/xsd/surefire-test-report-3.0.xsd" version="3.0" name="TestSuite" time="84.001" tests="10" errors="0" skipped="0" failures="0">
  <properties>
[...]
</properties>
  <testcase name="validatTravelInsunce" classname="testCases.TestCase" time="1.118">
    <system-err><![CDATA[log4j:WARN No appenders could be found for logger (org.testng.TestNG).
log4j:WARN Please initialize the log4j system properly.
log4j:WARN See http://logging.apache.org/log4j/1.2/faq.html#noconfig for more info.
]]></system-err>
  </testcase>
  <testcase name="travelDetails" classname="testCases.TestCase" time="6.119"/>
  <testcase name="studentDataVerify" classname="testCases.TestCase" time="3.375"/>
  <testcase name="dataSort" classname="testCases.TestCase" time="9.638"/>
  <testcase name="StudentPlanDetails" classname="testCases.TestCase" time="1.953">
    <system-out><![CDATA[Company Name      Package Name      Price
Reliance---Student Silver---₹1,514
Bajaj Allianz---Student Elite---₹1,628
Niva Bupa (formerly known as Max Bupa)---Student Travel Assure Pro---₹2,089
]]></system-out>
  </testcase>
  <testcase name="CarInsurenceDetails" classname="testCases.TestCase" time="7.617"/>
  <testcase name="errorMessageValidate" classname="testCases.TestCase" time="1.43">
    <system-out><![CDATA[---Capture the error message--- 
Please enter a valid e-mail ID.
]]></system-out>
  </testcase>
  <testcase name="correctDatailValidation" classname="testCases.TestCase" time="4.277"/>
  <testcase name="HealthInsurancePlan" classname="testCases.TestCase" time="11.509"/>
  <testcase name="allHealthInsurance" classname="testCases.TestCase" time="17.333">
    <system-out><![CDATA[Number of package Available: 44
-------------Health Insurance List-------------- 
Care Supreme Direct
NCB Super Premium
Care plus
Care Advantage
Care
Care Freedom
Care Heart
Care Freedom for Diabetes
Arogya Sanjeevani
Joy Tomorrow
Care Supreme
ReAssure 2.0 Bronze+ (Direct)
Smart Health Pro
Star Comprehensive
Young Star Silver Plan
Star Health Assure Insurance Policy
Young Star Gold Plan
Star Comprehensive with PED Buyback Rider
Medi Classic
Diabetes Safe Plan-B
Activ One
Individual Health Guard - Gold
Bajaj Health Guard - Platinum
Arogya Sanjeevani
Optima Secure
Prime – Advantage
Lifetime
Prime – Protect
Prime Active (Diabetes/ BP/ Asthma)
ProHealth - Plus
ProHealth - Protect
Prime Protect - Assure
Health Gain
Medicare Premier
Global Combo
Medicare
Medicare Plus
Yuva Bharat Gold Health Policy
Next Gen
Lifeline Supreme
Arogya Sanjeevani
Digi Pro
Arogya Supreme
Flexi Health
]]></system-out>
  </testcase>
</testsuite>