<?xml version="1.0" encoding="UTF-8"?>
<testng-results ignored="0" total="10" passed="10" failed="0" skipped="0">
  <reporter-output>
  </reporter-output>
  <suite started-at="2024-03-03T19:37:26 IST" name="Suite" finished-at="2024-03-03T19:38:48 IST" duration-ms="81796">
    <groups>
    </groups>
    <test started-at="2024-03-03T19:37:26 IST" name="Test" finished-at="2024-03-03T19:38:48 IST" duration-ms="81796">
      <class name="testCases.TestCase">
        <test-method is-config="true" signature="openUrl(java.lang.String,java.lang.String)[pri:0, instance:testCases.TestCase@747ddf94]" started-at="2024-03-03T19:37:27 IST" name="openUrl" finished-at="2024-03-03T19:37:42 IST" duration-ms="15600" status="PASS">
          <params>
            <param index="0">
              <value>
                <![CDATA[windows]]>
              </value>
            </param>
            <param index="1">
              <value>
                <![CDATA[chrome]]>
              </value>
            </param>
          </params>
          <reporter-output>
          </reporter-output>
        </test-method> <!-- openUrl -->
        <test-method signature="validatTravelInsunce()[pri:1, instance:testCases.TestCase@747ddf94]" started-at="2024-03-03T19:37:42 IST" name="validatTravelInsunce" finished-at="2024-03-03T19:37:43 IST" duration-ms="1096" status="PASS">
          <reporter-output>
          </reporter-output>
        </test-method> <!-- validatTravelInsunce -->
        <test-method signature="travelDetails()[pri:2, instance:testCases.TestCase@747ddf94]" started-at="2024-03-03T19:37:43 IST" name="travelDetails" finished-at="2024-03-03T19:37:49 IST" duration-ms="6118" status="PASS">
          <reporter-output>
          </reporter-output>
        </test-method> <!-- travelDetails -->
        <test-method signature="studentDataVerify()[pri:3, instance:testCases.TestCase@747ddf94]" started-at="2024-03-03T19:37:49 IST" name="studentDataVerify" finished-at="2024-03-03T19:37:53 IST" duration-ms="3374" status="PASS">
          <reporter-output>
          </reporter-output>
        </test-method> <!-- studentDataVerify -->
        <test-method signature="dataSort()[pri:4, instance:testCases.TestCase@747ddf94]" started-at="2024-03-03T19:37:53 IST" name="dataSort" finished-at="2024-03-03T19:38:02 IST" duration-ms="9637" status="PASS">
          <reporter-output>
          </reporter-output>
        </test-method> <!-- dataSort -->
        <test-method signature="StudentPlanDetails()[pri:5, instance:testCases.TestCase@747ddf94]" started-at="2024-03-03T19:38:02 IST" name="StudentPlanDetails" finished-at="2024-03-03T19:38:04 IST" duration-ms="1952" status="PASS">
          <reporter-output>
          </reporter-output>
        </test-method> <!-- StudentPlanDetails -->
        <test-method signature="CarInsurenceDetails()[pri:6, instance:testCases.TestCase@747ddf94]" started-at="2024-03-03T19:38:04 IST" name="CarInsurenceDetails" finished-at="2024-03-03T19:38:12 IST" duration-ms="7615" status="PASS">
          <reporter-output>
          </reporter-output>
        </test-method> <!-- CarInsurenceDetails -->
        <test-method signature="errorMessageValidate()[pri:7, instance:testCases.TestCase@747ddf94]" started-at="2024-03-03T19:38:12 IST" name="errorMessageValidate" finished-at="2024-03-03T19:38:13 IST" duration-ms="1430" status="PASS">
          <reporter-output>
          </reporter-output>
        </test-method> <!-- errorMessageValidate -->
        <test-method signature="correctDatailValidation()[pri:8, instance:testCases.TestCase@747ddf94]" started-at="2024-03-03T19:38:13 IST" name="correctDatailValidation" finished-at="2024-03-03T19:38:18 IST" duration-ms="4275" status="PASS">
          <reporter-output>
          </reporter-output>
        </test-method> <!-- correctDatailValidation -->
        <test-method signature="HealthInsurancePlan()[pri:9, instance:testCases.TestCase@747ddf94]" started-at="2024-03-03T19:38:18 IST" name="HealthInsurancePlan" finished-at="2024-03-03T19:38:29 IST" duration-ms="11511" status="PASS">
          <reporter-output>
          </reporter-output>
        </test-method> <!-- HealthInsurancePlan -->
        <test-method signature="allHealthInsurance()[pri:10, instance:testCases.TestCase@747ddf94]" started-at="2024-03-03T19:38:29 IST" name="allHealthInsurance" finished-at="2024-03-03T19:38:47 IST" duration-ms="17333" status="PASS">
          <reporter-output>
          </reporter-output>
        </test-method> <!-- allHealthInsurance -->
        <test-method is-config="true" signature="closeBowser()[pri:0, instance:testCases.TestCase@747ddf94]" started-at="2024-03-03T19:38:47 IST" name="closeBowser" finished-at="2024-03-03T19:38:48 IST" duration-ms="1290" status="PASS">
          <reporter-output>
          </reporter-output>
        </test-method> <!-- closeBowser -->
      </class> <!-- testCases.TestCase -->
    </test> <!-- Test -->
  </suite> <!-- Suite -->
</testng-results>
