<?xml version="1.0" encoding="UTF-8"?>
<testng-results ignored="0" total="11" passed="11" failed="0" skipped="0">
  <reporter-output>
  </reporter-output>
  <suite started-at="2024-02-23T23:11:27 IST" name="Suite" finished-at="2024-02-23T23:12:46 IST" duration-ms="78898">
    <groups>
    </groups>
    <test started-at="2024-02-23T23:11:27 IST" name="Test" finished-at="2024-02-23T23:12:46 IST" duration-ms="78898">
      <class name="testCases.TestCase">
        <test-method is-config="true" signature="openUrl(java.lang.String,java.lang.String)[pri:0, instance:testCases.TestCase@4116aac9]" started-at="2024-02-23T23:11:27 IST" name="openUrl" finished-at="2024-02-23T23:11:37 IST" duration-ms="9808" status="PASS">
          <params>
            <param index="0">
              <value>
                <![CDATA[windows]]>
              </value>
            </param>
            <param index="1">
              <value>
                <![CDATA[chrome]]>
              </value>
            </param>
          </params>
          <reporter-output>
          </reporter-output>
        </test-method> <!-- openUrl -->
        <test-method signature="validatTravelInsunce()[pri:1, instance:testCases.TestCase@4116aac9]" started-at="2024-02-23T23:11:37 IST" name="validatTravelInsunce" finished-at="2024-02-23T23:11:38 IST" duration-ms="878" status="PASS">
          <reporter-output>
          </reporter-output>
        </test-method> <!-- validatTravelInsunce -->
        <test-method signature="travelDetails()[pri:2, instance:testCases.TestCase@4116aac9]" started-at="2024-02-23T23:11:38 IST" name="travelDetails" finished-at="2024-02-23T23:11:43 IST" duration-ms="5668" status="PASS">
          <reporter-output>
          </reporter-output>
        </test-method> <!-- travelDetails -->
        <test-method signature="studentDataVerify()[pri:3, instance:testCases.TestCase@4116aac9]" started-at="2024-02-23T23:11:44 IST" name="studentDataVerify" finished-at="2024-02-23T23:11:47 IST" duration-ms="3688" status="PASS">
          <reporter-output>
          </reporter-output>
        </test-method> <!-- studentDataVerify -->
        <test-method signature="dataSort()[pri:4, instance:testCases.TestCase@4116aac9]" started-at="2024-02-23T23:11:47 IST" name="dataSort" finished-at="2024-02-23T23:11:52 IST" duration-ms="4991" status="PASS">
          <reporter-output>
          </reporter-output>
        </test-method> <!-- dataSort -->
        <test-method signature="StudentPlanDetails()[pri:5, instance:testCases.TestCase@4116aac9]" started-at="2024-02-23T23:11:52 IST" name="StudentPlanDetails" finished-at="2024-02-23T23:11:54 IST" duration-ms="2309" status="PASS">
          <reporter-output>
          </reporter-output>
        </test-method> <!-- StudentPlanDetails -->
        <test-method signature="CarInsurenceDetails()[pri:6, instance:testCases.TestCase@4116aac9]" started-at="2024-02-23T23:11:54 IST" name="CarInsurenceDetails" finished-at="2024-02-23T23:12:01 IST" duration-ms="6889" status="PASS">
          <reporter-output>
          </reporter-output>
        </test-method> <!-- CarInsurenceDetails -->
        <test-method signature="errorMessageValidate()[pri:7, instance:testCases.TestCase@4116aac9]" started-at="2024-02-23T23:12:01 IST" name="errorMessageValidate" finished-at="2024-02-23T23:12:03 IST" duration-ms="1160" status="PASS">
          <reporter-output>
          </reporter-output>
        </test-method> <!-- errorMessageValidate -->
        <test-method signature="correctDatailValidation()[pri:8, instance:testCases.TestCase@4116aac9]" started-at="2024-02-23T23:12:03 IST" name="correctDatailValidation" finished-at="2024-02-23T23:12:03 IST" duration-ms="775" status="PASS">
          <reporter-output>
          </reporter-output>
        </test-method> <!-- correctDatailValidation -->
        <test-method signature="quotationData()[pri:9, instance:testCases.TestCase@4116aac9]" started-at="2024-02-23T23:12:03 IST" name="quotationData" finished-at="2024-02-23T23:12:16 IST" duration-ms="12485" status="PASS">
          <reporter-output>
          </reporter-output>
        </test-method> <!-- quotationData -->
        <test-method signature="HealthInsurancePlan()[pri:10, instance:testCases.TestCase@4116aac9]" started-at="2024-02-23T23:12:16 IST" name="HealthInsurancePlan" finished-at="2024-02-23T23:12:27 IST" duration-ms="11485" status="PASS">
          <reporter-output>
          </reporter-output>
        </test-method> <!-- HealthInsurancePlan -->
        <test-method signature="allHealthInsurance()[pri:11, instance:testCases.TestCase@4116aac9]" started-at="2024-02-23T23:12:27 IST" name="allHealthInsurance" finished-at="2024-02-23T23:12:44 IST" duration-ms="16812" status="PASS">
          <reporter-output>
          </reporter-output>
        </test-method> <!-- allHealthInsurance -->
        <test-method is-config="true" signature="closeBowser()[pri:0, instance:testCases.TestCase@4116aac9]" started-at="2024-02-23T23:12:44 IST" name="closeBowser" finished-at="2024-02-23T23:12:46 IST" duration-ms="1430" status="PASS">
          <reporter-output>
          </reporter-output>
        </test-method> <!-- closeBowser -->
      </class> <!-- testCases.TestCase -->
    </test> <!-- Test -->
  </suite> <!-- Suite -->
</testng-results>
